<?xml version="1.0" encoding="UTF-8"?>
<testsuite xmlns:xsi="http://www.w3.org/2001/XMLSchema-instance" xsi:noNamespaceSchemaLocation="https://maven.apache.org/surefire/maven-surefire-plugin/xsd/surefire-test-report-3.0.xsd" version="3.0" name="olivieri.alex.util.FolderProgressiveCreatorTest" time="0.001" tests="4" errors="0" skipped="0" failures="0">
  <properties>
[...]
</properties>
  <testcase name="rejectsInvalidFolderNameCharactersInPrefix" classname="olivieri.alex.util.FolderProgressiveCreatorTest" time="0.0"/>
  <testcase name="createsFoldersWithThreeDigitProgressiveSuffix" classname="olivieri.alex.util.FolderProgressiveCreatorTest" time="0.0"/>
  <testcase name="skipsExistingFolders" classname="olivieri.alex.util.FolderProgressiveCreatorTest" time="0.0"/>
  <testcase name="rejectsCountsAboveThreeDigitRange" classname="olivieri.alex.util.FolderProgressiveCreatorTest" time="0.0"/>
</testsuite>